make all --print-data-base --no-builtin-variables --no-builtin-rules --question
# GNU Make 4.3
# Built for x86_64-pc-linux-gnu
# Copyright (C) 1988-2020 Free Software Foundation, Inc.
# License GPLv3+: GNU GPL version 3 or later <http://gnu.org/licenses/gpl.html>
# This is free software: you are free to change and redistribute it.
# There is NO WARRANTY, to the extent permitted by law.

# Make data base, printed on Sun Dec 18 11:01:26 2022

# Variables

# environment
GDK_BACKEND = x11
# environment
LC_ALL = C
# environment
GNOME_SHELL_SESSION_MODE = ubuntu
# environment
SSH_AGENT_LAUNCHER = gnome-keyring
# environment
SNAP_INSTANCE_KEY = 
# environment
GJS_DEBUG_OUTPUT = stderr
# environment
LC_NAME = pt_PT.UTF-8
# environment
LC_NUMERIC = pt_PT.UTF-8
# environment
VSCODE_CWD = /home/dido
# environment
WINDOWPATH = 2
# makefile (from 'Makefile', line 7)
LIBS = -lgd
# environment
LC_ADDRESS = pt_PT.UTF-8
# default
MAKE_COMMAND := make
# environment
QT_ACCESSIBILITY = 1
# automatic
@D = $(patsubst %/,%,$(dir $@))
# environment
SNAP_INSTANCE_NAME = code
# environment
GDK_PIXBUF_MODULEDIR = /snap/code/115/usr/lib/x86_64-linux-gnu/gdk-pixbuf-2.0/2.10.0/loaders
# environment
VSCODE_HANDLES_UNCAUGHT_ERRORS = true
# default
.VARIABLES := 
# environment
PWD = /home/dido/Documents/IST/Programação Concorrente/Projecto/PConc-Proj-A-2022-fichs/ap-paralelo-1
# automatic
%D = $(patsubst %/,%,$(dir $%))
# environment
XDG_DATA_DIRS = /usr/share/ubuntu:/usr/share/gnome:/usr/local/share/:/usr/share/:/var/lib/snapd/desktop
# automatic
^D = $(patsubst %/,%,$(dir $^))
# automatic
%F = $(notdir $%)
# environment
VSCODE_CODE_CACHE_PATH = /home/dido/.config/Code/CachedData/1ad8d514439d5077d2b0b7ee64d2ce82a9308e5a
# environment
LANG = C
# environment
XAUTHORITY = /run/user/1000/gdm/Xauthority
# default
.LOADED := 
# default
.INCLUDE_DIRS = /usr/local/include /usr/include /usr/include
# makefile
MAKEFLAGS = pqrR
# makefile
CURDIR := /home/dido/Documents/IST/Programação Concorrente/Projecto/PConc-Proj-A-2022-fichs/ap-paralelo-1
# environment
APPLICATION_INSIGHTS_NO_DIAGNOSTIC_CHANNEL = 1
# environment
LESSOPEN = | /usr/bin/lesspipe %s
# automatic
*D = $(patsubst %/,%,$(dir $*))
# environment
MFLAGS = -pqrR
# environment
SSH_AUTH_SOCK = /run/user/1000/keyring/ssh
# default
.SHELLFLAGS := -c
# environment
XDG_CONFIG_DIRS = /etc/xdg/xdg-ubuntu:/etc/xdg
# automatic
+D = $(patsubst %/,%,$(dir $+))
# environment
XDG_SESSION_DESKTOP = ubuntu
# makefile (from 'Makefile', line 1)
MAKEFILE_LIST := Makefile
# environment
SNAP_REEXEC = 
# automatic
@F = $(notdir $@)
# environment
VSCODE_PID = 3684
# environment
XDG_SESSION_TYPE = x11
# automatic
?D = $(patsubst %/,%,$(dir $?))
# environment
BAMF_DESKTOP_FILE_HINT = /var/lib/snapd/desktop/applications/code_code.desktop
# makefile (from 'Makefile', line 6)
INCLUDES = 
# environment
SESSION_MANAGER = local/pcDido:@/tmp/.ICE-unix/2631,unix/pcDido:/tmp/.ICE-unix/2631
# automatic
*F = $(notdir $*)
# environment
CHROME_DESKTOP = code-url-handler.desktop
# environment
DBUS_SESSION_BUS_ADDRESS = unix:path=/run/user/1000/bus
# automatic
<D = $(patsubst %/,%,$(dir $<))
# environment
VSCODE_NLS_CONFIG = {"locale":"en-gb","availableLanguages":{},"_languagePackSupport":true}
# default
MAKE_HOST := x86_64-pc-linux-gnu
# environment
GNOME_DESKTOP_SESSION_ID = this-is-deprecated
# makefile
SHELL = /bin/sh
# default
MAKECMDGOALS := all
# environment
XMODIFIERS = @im=ibus
# environment
GJS_DEBUG_TOPICS = JS ERROR;JS LOG
# environment
SHLVL = 0
# environment
MAKELEVEL := 0
# default
MAKE = $(MAKE_COMMAND)
# environment
SNAP_COOKIE = 3LCPCR7rCP86Pa1yPfU4XmA68AlC_xWBHJKM631nDhbFPfuIMZJS
# environment
PATH = /usr/local/sbin:/usr/local/bin:/usr/sbin:/usr/bin:/sbin:/bin:/usr/games:/usr/local/games:/snap/bin:/snap/bin
# default
MAKEFILES := 
# environment
LANGUAGE = en_GB:en
# environment
LC_MONETARY = pt_PT.UTF-8
# automatic
^F = $(notdir $^)
# environment
SNAP_USER_COMMON = /home/dido/snap/code/common
# environment
LC_TIME = pt_PT.UTF-8
# environment
SNAP = /snap/code/115
# environment
INVOCATION_ID = 35ca7fe5b29b4c0c9525cd8d2be5e567
# environment
SNAP_REVISION = 115
# environment
SNAP_REAL_HOME = /home/dido
# environment
USERNAME = dido
# environment
LC_TELEPHONE = pt_PT.UTF-8
# environment
LESSCLOSE = /usr/bin/lesspipe %s %s
# automatic
?F = $(notdir $?)
# environment
XDG_CURRENT_DESKTOP = Unity
# environment
LS_COLORS = 
# automatic
+F = $(notdir $+)
# environment
DESKTOP_SESSION = ubuntu
# environment
ORIGINAL_XDG_CURRENT_DESKTOP = ubuntu:GNOME
# 'override' directive
GNUMAKEFLAGS := 
# environment
LOGNAME = dido
# environment
GIO_LAUNCHED_DESKTOP_FILE = /var/lib/snapd/desktop/applications/code_code.desktop
# environment
SNAP_ARCH = amd64
# makefile
.DEFAULT_GOAL := all
# environment
SYSTEMD_EXEC_PID = 2649
# environment
DISPLAY = :1
# environment
USER = dido
# environment
GTK_MODULES = gail:atk-bridge
# default
MAKE_VERSION := 4.3
# environment
SNAP_DATA = /var/snap/code/115
# environment
SNAP_CONTEXT = 3LCPCR7rCP86Pa1yPfU4XmA68AlC_xWBHJKM631nDhbFPfuIMZJS
# environment
MANAGERPID = 2296
# environment
LC_MEASUREMENT = pt_PT.UTF-8
# environment
GIO_LAUNCHED_DESKTOP_FILE_PID = 3432
# environment
_ = /snap/code/115/usr/share/code/code
# environment
LC_PAPER = pt_PT.UTF-8
# environment
XDG_RUNTIME_DIR = /run/user/1000
# makefile (from 'Makefile', line 5)
CFLAGS = -I. -g -Wall -std=c11 -v -pedantic  
# environment
GPG_AGENT_INFO = /run/user/1000/gnupg/S.gpg-agent:0:1
# environment
GDK_PIXBUF_MODULE_FILE = /home/dido/snap/code/common/.cache/gdk-pixbuf-loaders.cache
# environment
LC_CTYPE = pt_PT.UTF-8
# environment
JOURNAL_STREAM = 8:31377
# environment
XDG_SESSION_CLASS = user
# environment
VSCODE_AMD_ENTRYPOINT = vs/workbench/api/node/extensionHostProcess
# environment
HOME = /home/dido
# environment
QT_IM_MODULE = ibus
# environment
ELECTRON_RUN_AS_NODE = 1
# environment
VSCODE_IPC_HOOK = /run/user/1000/vscode-0b0dab7a-1.74.1-main.sock
# environment
SNAP_NAME = code
# environment
GSETTINGS_SCHEMA_DIR = /snap/code/115/usr/share/glib-2.0/schemas
# environment
PAPERSIZE = a4
# default
.RECIPEPREFIX := 
# automatic
<F = $(notdir $<)
# environment
SNAP_VERSION = 1ad8d514
# default
SUFFIXES := 
# environment
VSCODE_CLI = 1
# environment
ELECTRON_NO_ATTACH_CONSOLE = 1
# environment
SNAP_COMMON = /var/snap/code/common
# default
.FEATURES := target-specific order-only second-expansion else-if shortest-stem undefine oneshell nocomment grouped-target extra-prereqs archives jobserver output-sync check-symlink load
# makefile (from 'Makefile', line 4)
CC = gcc
# environment
SNAP_USER_DATA = /home/dido/snap/code/115
# environment
XDG_MENU_PREFIX = gnome-
# environment
GDMSESSION = ubuntu
# environment
LC_IDENTIFICATION = pt_PT.UTF-8
# environment
SNAP_LIBRARY_PATH = /var/lib/snapd/lib/gl:/var/lib/snapd/lib/gl32:/var/lib/snapd/void
# variable set hash-table stats:
# Load=130/1024=13%, Rehash=0, Collisions=5/161=3%

# Pattern-specific Variable Values

# No pattern-specific variable values.

# Directories

# . (device 2050, inode 34212680): 23 files, no impossibilities.

# 23 files, no impossibilities in 1 directories.

# Implicit Rules

%.o: %.c
#  recipe to execute (from 'Makefile', line 12):
	${CC} -c -o $@ $< $(CFLAGS) ${INCLUDES}
	@echo Compiled 
 

# 1 implicit rules, 0 (0.0%) terminal.
# Files

# Not a target:
Makefile:
#  Implicit rule search has been done.
#  Last modified 2022-12-17 14:51:30.535545638
#  File has been updated.
#  Successfully updated.

Processa_ficheiros.o: Processa_ficheiros.c
#  Implicit rule search has been done.
#  Implicit/static pattern stem: 'Processa_ficheiros'
#  Last modified 2022-12-17 19:41:12.457299226
#  File has been updated.
#  Successfully updated.
#  recipe to execute (from 'Makefile', line 12):
	${CC} -c -o $@ $< $(CFLAGS) ${INCLUDES}
	@echo Compiled 

clean:
#  Implicit rule search has not been done.
#  Modification time never checked.
#  File has not been updated.
#  recipe to execute (from 'Makefile', line 20):
	rm -f *.o *~ core Ex1
	@echo Cleanned

image-lib.o: image-lib.c
#  Implicit rule search has been done.
#  Implicit/static pattern stem: 'image-lib'
#  Last modified 2022-12-17 19:41:12.585301279
#  File has been updated.
#  Successfully updated.
#  recipe to execute (from 'Makefile', line 12):
	${CC} -c -o $@ $< $(CFLAGS) ${INCLUDES}
	@echo Compiled 

ap-paralelo-1.o: ap-paralelo-1.c
#  Implicit rule search has been done.
#  Implicit/static pattern stem: 'ap-paralelo-1'
#  Last modified 2022-12-17 19:41:12.397298265
#  File has been updated.
#  Successfully updated.
#  recipe to execute (from 'Makefile', line 12):
	${CC} -c -o $@ $< $(CFLAGS) ${INCLUDES}
	@echo Compiled 

# Not a target:
.DEFAULT:
#  Implicit rule search has not been done.
#  Modification time never checked.
#  File has not been updated.

all: ap-paralelo-1
#  Command line target.
#  Implicit rule search has been done.
#  File does not exist.
#  File has been updated.
#  Successfully updated.

# Not a target:
Processa_ficheiros.c:
#  Implicit rule search has been done.
#  Last modified 2022-12-17 19:41:04.297168426
#  File has been updated.
#  Successfully updated.

clean-data:
#  Implicit rule search has not been done.
#  Modification time never checked.
#  File has not been updated.
#  recipe to execute (from 'Makefile', line 24):
	rm -f *.out*
	@echo Cleanned data

# Not a target:
ap-paralelo-1.c:
#  Implicit rule search has been done.
#  Last modified 2022-12-17 14:51:57.255961103
#  File has been updated.
#  Successfully updated.

# Not a target:
image-lib.c:
#  Implicit rule search has been done.
#  Last modified 2022-12-17 14:22:23.775281538
#  File has been updated.
#  Successfully updated.

ap-paralelo-1: ap-paralelo-1.o Processa_ficheiros.o image-lib.o
#  Implicit rule search has not been done.
#  Last modified 2022-12-17 19:41:13.301312757
#  File has been updated.
#  Successfully updated.
#  recipe to execute (from 'Makefile', line 16):
	${CC} -o ap-paralelo-1 ap-paralelo-1.o Processa_ficheiros.o image-lib.o ${LIBS}

# files hash-table stats:
# Load=13/1024=1%, Rehash=0, Collisions=1/38=3%
# VPATH Search Paths

# No 'vpath' search paths.

# No general ('VPATH' variable) search path.

# strcache buffers: 1 (0) / strings = 34 / storage = 417 B / avg = 12 B
# current buf: size = 8162 B / used = 417 B / count = 34 / avg = 12 B

# strcache performance: lookups = 55 / hit rate = 38%
# hash-table stats:
# Load=34/8192=0%, Rehash=0, Collisions=2/55=4%
# Finished Make data base on Sun Dec 18 11:01:26 2022

 
