==35882== Callgrind, a call-graph generating cache profiler
==35882== Copyright (C) 2002-2017, and GNU GPL'd, by Josef Weidendorfer et al.
==35882== Using Valgrind-3.18.1-42b08ed5bd-20211015 and LibVEX; rerun with -h for copyright info
==35882== Command: ./../old-photo-parallel-A ./Dataset-1 4 -name
==35882== Parent PID: 35881
==35882== 
--35882-- 
--35882-- Valgrind options:
--35882--    --tool=callgrind
--35882--    --verbose
--35882--    --log-file=valgrind.log
--35882-- Contents of /proc/version:
--35882--   Linux version 6.8.0-49-generic (buildd@lcy02-amd64-103) (x86_64-linux-gnu-gcc-12 (Ubuntu 12.3.0-1ubuntu1~22.04) 12.3.0, GNU ld (GNU Binutils for Ubuntu) 2.38) #49~22.04.1-Ubuntu SMP PREEMPT_DYNAMIC Wed Nov  6 17:42:15 UTC 2
--35882-- 
--35882-- Arch and hwcaps: AMD64, LittleEndian, amd64-cx16-lzcnt-rdtscp-sse3-ssse3-avx-avx2-bmi-f16c-rdrand
--35882-- Page sizes: currently 4096, max supported 4096
--35882-- Valgrind library directory: /usr/libexec/valgrind
==35882== For interactive control, run 'callgrind_control -h'.
--35882-- Reading syms from /home/dido/Documents/IST/Programação Concorrente/Projecto A/ist46793_ProjectoA/old-photo-parallel-A
--35882-- Reading syms from /usr/lib/x86_64-linux-gnu/ld-linux-x86-64.so.2
--35882--   Considering /usr/lib/debug/.build-id/41/86944c50f8a32b47d74931e3f512b811813b64.debug ..
--35882--   .. build-id is valid
--35882-- Reading syms from /usr/libexec/valgrind/callgrind-amd64-linux
--35882--    object doesn't have a symbol table
--35882--    object doesn't have a dynamic symbol table
--35882-- Scheduler: using generic scheduler lock implementation.
==35882== embedded gdbserver: reading from /tmp/vgdb-pipe-from-vgdb-to-35882-by-dido-on-???
==35882== embedded gdbserver: writing to   /tmp/vgdb-pipe-to-vgdb-from-35882-by-dido-on-???
==35882== embedded gdbserver: shared mem   /tmp/vgdb-pipe-shared-mem-vgdb-35882-by-dido-on-???
==35882== 
==35882== TO CONTROL THIS PROCESS USING vgdb (which you probably
==35882== don't want to do, unless you know exactly what you're doing,
==35882== or are doing some strange experiment):
==35882==   /usr/bin/vgdb --pid=35882 ...command...
==35882== 
==35882== TO DEBUG THIS PROCESS USING GDB: start GDB like this
==35882==   /path/to/gdb ./../old-photo-parallel-A
==35882== and then give GDB the following command
==35882==   target remote | /usr/bin/vgdb --pid=35882
==35882== --pid is optional if only one valgrind process is running
==35882== 
--35882-- Reading syms from /usr/libexec/valgrind/vgpreload_core-amd64-linux.so
--35882--    object doesn't have a symbol table
--35882-- Reading syms from /usr/lib/x86_64-linux-gnu/libgd.so.3.0.8
--35882--    object doesn't have a symbol table
--35882-- Reading syms from /usr/lib/x86_64-linux-gnu/libc.so.6
--35882--   Considering /usr/lib/debug/.build-id/49/0fef8403240c91833978d494d39e537409b92e.debug ..
--35882--   .. build-id is valid
--35882-- Reading syms from /usr/lib/x86_64-linux-gnu/libm.so.6
--35882--   Considering /usr/lib/debug/.build-id/a5/08ec5d8bf12fb7fd08204e0f87518e5cd0b102.debug ..
--35882--   .. build-id is valid
--35882-- Reading syms from /usr/lib/x86_64-linux-gnu/libpng16.so.16.37.0
--35882--    object doesn't have a symbol table
--35882-- Reading syms from /usr/lib/x86_64-linux-gnu/libz.so.1.2.11
--35882--    object doesn't have a symbol table
--35882-- Reading syms from /usr/lib/x86_64-linux-gnu/libfontconfig.so.1.12.0
--35882--    object doesn't have a symbol table
--35882-- Reading syms from /usr/lib/x86_64-linux-gnu/libfreetype.so.6.18.1
--35882--    object doesn't have a symbol table
--35882-- Reading syms from /usr/lib/x86_64-linux-gnu/libjpeg.so.8.2.2
--35882--    object doesn't have a symbol table
--35882-- Reading syms from /usr/lib/x86_64-linux-gnu/libXpm.so.4.11.0
--35882--    object doesn't have a symbol table
--35882-- Reading syms from /usr/lib/x86_64-linux-gnu/libtiff.so.5.7.0
--35882--    object doesn't have a symbol table
--35882-- Reading syms from /usr/lib/x86_64-linux-gnu/libwebp.so.7.1.3
--35882--    object doesn't have a symbol table
--35882-- Reading syms from /usr/lib/x86_64-linux-gnu/libexpat.so.1.8.7
--35882--    object doesn't have a symbol table
--35882-- Reading syms from /usr/lib/x86_64-linux-gnu/libuuid.so.1.3.0
--35882--    object doesn't have a symbol table
--35882-- Reading syms from /usr/lib/x86_64-linux-gnu/libbrotlidec.so.1.0.9
--35882--    object doesn't have a symbol table
--35882-- Reading syms from /usr/lib/x86_64-linux-gnu/libX11.so.6.4.0
--35882--    object doesn't have a symbol table
--35882-- Reading syms from /usr/lib/x86_64-linux-gnu/libzstd.so.1.4.8
--35882--    object doesn't have a symbol table
--35882-- Reading syms from /usr/lib/x86_64-linux-gnu/liblzma.so.5.2.5
--35882--    object doesn't have a symbol table
--35882-- Reading syms from /usr/lib/x86_64-linux-gnu/libjbig.so.0
--35882--    object doesn't have a symbol table
--35882-- Reading syms from /usr/lib/x86_64-linux-gnu/libdeflate.so.0
--35882--    object doesn't have a symbol table
--35882-- Reading syms from /usr/lib/x86_64-linux-gnu/libbrotlicommon.so.1.0.9
--35882--    object doesn't have a symbol table
--35882-- Reading syms from /usr/lib/x86_64-linux-gnu/libxcb.so.1.1.0
--35882--    object doesn't have a symbol table
--35882-- Reading syms from /usr/lib/x86_64-linux-gnu/libXau.so.6.0.0
--35882--    object doesn't have a symbol table
--35882-- Reading syms from /usr/lib/x86_64-linux-gnu/libXdmcp.so.6.0.0
--35882--    object doesn't have a symbol table
--35882-- Reading syms from /usr/lib/x86_64-linux-gnu/libbsd.so.0.11.5
--35882--    object doesn't have a symbol table
--35882-- Reading syms from /usr/lib/x86_64-linux-gnu/libmd.so.0.0.5
--35882--    object doesn't have a symbol table
--35882-- Symbol match: found runtime_resolve: ld-linux-x86-64.so.2 +0x15c60=0x4015c60
==35882== 
--35882-- Start dumping at BB 284710 (Prg.Term.)...
--35882-- Dump to /home/dido/Documents/IST/Programação Concorrente/Projecto A/ist46793_ProjectoA/old-photo-parallel-A-code/callgrind.out.35882
--35882-- Dumping done.
==35882== Events    : Ir
==35882== Collected : 1469320
==35882== 
==35882== I   refs:      1,469,320
